生成启动时间为 7/2/2016 3:44:22 PM。
     1>项目“c:\Users\nero\documents\visual studio 2013\Projects\circle\circle\circle.vcxproj”在节点 2 上(Build 个目标)。
     1>ClCompile:
         F:\visualstudio2013\VC\bin\CL.exe /c /ZI /nologo /W3 /WX- /sdl /Od /Oy- /D WIN32 /D _DEBUG /D _WINDOWS /D _UNICODE /D UNICODE /Gm /EHsc /RTC1 /MDd /GS /fp:precise /Zc:wchar_t /Zc:forScope /Yu"stdafx.h" /Fp"Debug\circle.pch" /Fo"Debug\\" /Fd"Debug\vc120.pdb" /Gd /TP /analyze- /errorReport:prompt circle.cpp
         circle.cpp
     1>c:\users\nero\documents\visual studio 2013\projects\circle\circle\circle.cpp(168): warning C4018: “<”: 有符号/无符号不匹配
     1>c:\users\nero\documents\visual studio 2013\projects\circle\circle\circle.cpp(172): warning C4244: “参数”: 从“float”转换到“int”，可能丢失数据
     1>c:\users\nero\documents\visual studio 2013\projects\circle\circle\circle.cpp(211): warning C4244: “=”: 从“int”转换到“float”，可能丢失数据
     1>c:\users\nero\documents\visual studio 2013\projects\circle\circle\circle.cpp(213): warning C4244: “=”: 从“int”转换到“float”，可能丢失数据
     1>c:\users\nero\documents\visual studio 2013\projects\circle\circle\circle.cpp(215): warning C4244: “=”: 从“int”转换到“float”，可能丢失数据
     1>c:\users\nero\documents\visual studio 2013\projects\circle\circle\circle.cpp(217): warning C4244: “=”: 从“int”转换到“float”，可能丢失数据
     1>c:\users\nero\documents\visual studio 2013\projects\circle\circle\circle.cpp(219): warning C4244: “=”: 从“int”转换到“float”，可能丢失数据
     1>c:\users\nero\documents\visual studio 2013\projects\circle\circle\circle.cpp(221): warning C4244: “=”: 从“int”转换到“float”，可能丢失数据
       Link:
         F:\visualstudio2013\VC\bin\link.exe /ERRORREPORT:PROMPT /OUT:"c:\users\nero\documents\visual studio 2013\Projects\circle\Debug\circle.exe" /INCREMENTAL /NOLOGO kernel32.lib user32.lib gdi32.lib winspool.lib comdlg32.lib advapi32.lib shell32.lib ole32.lib oleaut32.lib uuid.lib odbc32.lib odbccp32.lib /MANIFEST /MANIFESTUAC:"level='asInvoker' uiAccess='false'" /manifest:embed /DEBUG /PDB:"c:\users\nero\documents\visual studio 2013\Projects\circle\Debug\circle.pdb" /SUBSYSTEM:WINDOWS /TLBID:1 /DYNAMICBASE /NXCOMPAT /IMPLIB:"c:\users\nero\documents\visual studio 2013\Projects\circle\Debug\circle.lib" /MACHINE:X86 Debug\circle.res
         Debug\circle.obj
         Debug\stdafx.obj
         circle.vcxproj -> c:\users\nero\documents\visual studio 2013\Projects\circle\Debug\circle.exe
     1>已完成生成项目“c:\Users\nero\documents\visual studio 2013\Projects\circle\circle\circle.vcxproj”(Build 个目标)的操作。

生成成功。

已用时间 00:00:01.69
